TN:
SF:/home/agost/workspace/di_natale/code_c/swatch4_coverage/swatch4/tests.c
FN:23,test_minutes
FN:59,test_hours
FN:91,init_suite_SWatch2018
FN:110,main
FNDA:1,test_minutes
FNDA:1,test_hours
FNDA:3,init_suite_SWatch2018
FNDA:1,main
FNF:4
FNH:4
DA:23,1
DA:24,1
DA:25,1
DA:28,1
DA:31,1
DA:34,1
DA:38,58
DA:39,57
DA:44,1
DA:47,1
DA:51,1
DA:52,1
DA:53,1
DA:54,1
DA:59,1
DA:60,1
DA:61,1
DA:64,1
DA:68,1
DA:71,36001
DA:72,36000
DA:77,1
DA:80,1
DA:84,1
DA:85,1
DA:86,1
DA:87,1
DA:91,3
DA:92,3
DA:93,3
DA:94,3
DA:95,3
DA:96,3
DA:97,3
DA:100,3
DA:103,3
DA:107,3
DA:110,1
DA:112,1
DA:114,1
DA:115,0
DA:118,1
DA:119,1
DA:120,0
DA:121,0
DA:125,1
DA:126,1
DA:129,0
DA:130,0
DA:134,1
DA:135,1
DA:136,0
DA:137,0
DA:141,1
DA:142,1
DA:145,0
DA:146,0
DA:150,1
DA:152,1
DA:153,1
DA:154,1
LF:61
LH:52
end_of_record
TN:
SF:/home/agost/workspace/di_natale/code_c/swatch4_coverage/swatch4/SWatch2018.c
FN:47,getSignal
FN:71,updateTime
FN:88,updateTimeStopwatch
FN:103,manageTimeSet_SETHOURS
FN:147,manageTimeSet_SETMINUTES
FN:189,manageAlarmSet_ALARMFINALLYSET
FN:216,manageAlarmSet_SETHOURS
FN:258,manageAlarmSet_SETMINUTES
FN:300,manageTimeCountStopwatch_BEGIN
FN:336,manageTimeCountStopwatch_COUNT
FN:368,manageTIMEDISPLAY
FN:414,manageSTOPWATCH
FN:464,manageTIMESET
FN:506,manageALARMSET
FN:543,manageTimeCountStopwatch
FN:589,dispatchFSM
FN:692,tranFSM
FN:701,initFSM
FNDA:36069,getSignal
FNDA:36003,updateTime
FNDA:0,updateTimeStopwatch
FNDA:2,manageTimeSet_SETHOURS
FNDA:58,manageTimeSet_SETMINUTES
FNDA:0,manageAlarmSet_ALARMFINALLYSET
FNDA:0,manageAlarmSet_SETHOURS
FNDA:0,manageAlarmSet_SETMINUTES
FNDA:0,manageTimeCountStopwatch_BEGIN
FNDA:0,manageTimeCountStopwatch_COUNT
FNDA:36003,manageTIMEDISPLAY
FNDA:0,manageSTOPWATCH
FNDA:0,manageTIMESET
FNDA:0,manageALARMSET
FNDA:0,manageTimeCountStopwatch
FNDA:36069,dispatchFSM
FNDA:18007,tranFSM
FNDA:15,initFSM
FNF:18
FNH:8
DA:47,36069
DA:49,36069
DA:51,36069
DA:52,58
DA:53,36011
DA:54,0
DA:55,36011
DA:56,36002
DA:57,9
DA:58,3
DA:59,6
DA:60,0
DA:61,6
DA:62,0
DA:65,36069
DA:71,36003
DA:72,36003
DA:74,36003
DA:75,3600
DA:76,3600
DA:77,60
DA:78,60
DA:79,1
DA:83,36003
DA:88,0
DA:89,0
DA:91,0
DA:92,0
DA:93,0
DA:94,0
DA:95,0
DA:96,0
DA:99,0
DA:103,2
DA:106,2
DA:107,2
DA:108,2
DA:112,1
DA:114,1
DA:115,1
DA:116,1
DA:120,1
DA:121,0
DA:123,0
DA:124,0
DA:126,0
DA:127,0
DA:128,0
DA:130,0
DA:131,0
DA:133,0
DA:134,0
DA:135,1
DA:137,1
DA:138,1
DA:139,0
DA:141,0
DA:142,0
DA:143,0
DA:147,58
DA:150,58
DA:151,58
DA:154,1
DA:155,1
DA:156,1
DA:160,57
DA:161,56
DA:163,56
DA:164,0
DA:166,56
DA:167,56
DA:168,0
DA:170,0
DA:171,0
DA:173,0
DA:174,0
DA:175,0
DA:177,0
DA:178,0
DA:179,1
DA:181,1
DA:182,1
DA:183,1
DA:189,0
DA:192,0
DA:193,0
DA:197,0
DA:199,0
DA:200,0
DA:201,0
DA:205,0
DA:206,0
DA:208,0
DA:209,0
DA:210,0
DA:212,0
DA:216,0
DA:219,0
DA:220,0
DA:223,0
DA:224,0
DA:225,0
DA:229,0
DA:230,0
DA:232,0
DA:233,0
DA:235,0
DA:236,0
DA:237,0
DA:239,0
DA:240,0
DA:242,0
DA:243,0
DA:244,0
DA:246,0
DA:247,0
DA:248,0
DA:249,0
DA:251,0
DA:252,0
DA:253,0
DA:254,0
DA:258,0
DA:261,0
DA:262,0
DA:265,0
DA:266,0
DA:267,0
DA:271,0
DA:272,0
DA:274,0
DA:275,0
DA:277,0
DA:278,0
DA:279,0
DA:281,0
DA:282,0
DA:284,0
DA:285,0
DA:286,0
DA:288,0
DA:289,0
DA:290,0
DA:292,0
DA:293,0
DA:294,0
DA:300,0
DA:304,0
DA:305,0
DA:306,0
DA:307,0
DA:308,0
DA:309,0
DA:313,0
DA:314,0
DA:315,0
DA:319,0
DA:320,0
DA:323,0
DA:324,0
DA:325,0
DA:329,0
DA:330,0
DA:331,0
DA:332,0
DA:336,0
DA:340,0
DA:341,0
DA:343,0
DA:344,0
DA:345,0
DA:348,0
DA:351,0
DA:352,0
DA:354,0
DA:355,0
DA:359,0
DA:360,0
DA:361,0
DA:362,0
DA:368,36003
DA:372,36003
DA:373,36003
DA:374,36003
DA:376,18002
DA:377,18002
DA:378,18002
DA:379,18002
DA:383,18001
DA:384,18000
DA:386,18000
DA:387,18000
DA:388,18000
DA:389,0
DA:391,0
DA:392,0
DA:393,0
DA:394,0
DA:396,0
DA:397,0
DA:398,0
DA:399,0
DA:401,0
DA:402,0
DA:403,0
DA:404,1
DA:406,1
DA:407,1
DA:408,1
DA:409,1
DA:410,1
DA:414,0
DA:418,0
DA:419,0
DA:420,0
DA:422,0
DA:423,0
DA:424,0
DA:425,0
DA:427,0
DA:428,0
DA:429,0
DA:433,0
DA:434,0
DA:436,0
DA:437,0
DA:438,0
DA:439,0
DA:441,0
DA:442,0
DA:443,0
DA:444,0
DA:446,0
DA:447,0
DA:448,0
DA:449,0
DA:451,0
DA:452,0
DA:453,0
DA:454,0
DA:456,0
DA:457,0
DA:458,0
DA:459,0
DA:460,0
DA:464,0
DA:468,0
DA:469,0
DA:470,0
DA:473,0
DA:474,0
DA:475,0
DA:479,0
DA:480,0
DA:482,0
DA:483,0
DA:484,0
DA:485,0
DA:487,0
DA:488,0
DA:489,0
DA:490,0
DA:492,0
DA:493,0
DA:494,0
DA:495,0
DA:497,0
DA:498,0
DA:499,0
DA:500,0
DA:502,0
DA:506,0
DA:510,0
DA:511,0
DA:514,0
DA:515,0
DA:516,0
DA:520,0
DA:521,0
DA:523,0
DA:524,0
DA:525,0
DA:527,0
DA:528,0
DA:529,0
DA:531,0
DA:532,0
DA:533,0
DA:535,0
DA:536,0
DA:537,0
DA:539,0
DA:543,0
DA:547,0
DA:548,0
DA:549,0
DA:550,0
DA:551,0
DA:553,0
DA:554,0
DA:558,0
DA:559,0
DA:561,0
DA:562,0
DA:563,0
DA:565,0
DA:566,0
DA:567,0
DA:569,0
DA:570,0
DA:571,0
DA:573,0
DA:574,0
DA:575,0
DA:577,0
DA:578,0
DA:579,0
DA:580,0
DA:581,0
DA:589,36069
DA:595,36069
DA:598,36069
DA:606,36069
DA:608,3
DA:609,3
DA:610,3
DA:611,3
DA:612,36003
DA:614,36003
DA:616,36003
DA:617,36003
DA:618,0
DA:620,0
DA:622,0
DA:623,0
DA:624,0
DA:626,0
DA:628,0
DA:629,0
DA:630,0
DA:632,0
DA:634,0
DA:635,0
DA:638,0
DA:639,0
DA:640,0
DA:641,0
DA:642,0
DA:643,0
DA:646,2
DA:647,2
DA:648,2
DA:649,58
DA:650,58
DA:651,58
DA:654,0
DA:655,0
DA:656,0
DA:657,0
DA:658,0
DA:659,0
DA:662,0
DA:663,0
DA:664,0
DA:666,0
DA:669,3
DA:670,3
DA:671,3
DA:672,3
DA:673,3
DA:674,3
DA:675,0
DA:676,0
DA:677,0
DA:678,0
DA:679,0
DA:680,0
DA:681,0
DA:682,0
DA:683,0
DA:684,0
DA:685,0
DA:687,36069
DA:692,18007
DA:693,18007
DA:694,18007
DA:695,18007
DA:696,18007
DA:701,15
DA:702,15
DA:703,3
DA:704,3
DA:705,3
DA:706,3
DA:707,3
DA:708,3
DA:709,3
DA:710,3
DA:711,3
DA:712,3
DA:713,3
DA:714,3
DA:715,3
DA:716,3
DA:717,3
DA:718,3
DA:719,3
DA:720,3
DA:721,3
DA:722,3
DA:723,0
DA:724,0
DA:727,15
DA:729,15
LF:414
LH:121
end_of_record
